# JRE version: Java(TM) SE Runtime Environment (8.0_40-b26) (build 1.8.0_40-b26)
# Java VM: Java HotSpot(TM) 64-Bit Server VM (25.40-b25 mixed mode linux-amd64 compressed oops)
Heap:
 PSYoungGen      total 232960K, used 0K [0x00000000eab00000, 0x0000000100000000, 0x0000000100000000)
  eden space 116736K, 0% used [0x00000000eab00000,0x00000000eab00000,0x00000000f1d00000)
  from space 116224K, 0% used [0x00000000f8e80000,0x00000000f8e80000,0x0000000100000000)
  to   space 116224K, 0% used [0x00000000f1d00000,0x00000000f1d00000,0x00000000f8e80000)
 ParOldGen       total 413184K, used 408553K [0x00000000c0000000, 0x00000000d9380000, 0x00000000eab00000)
  object space 413184K, 98% used [0x00000000c0000000,0x00000000d8efa640,0x00000000d9380000)
 Metaspace       used 6110K, capacity 7216K, committed 7296K, reserved 1056768K
  class space    used 574K, capacity 616K, committed 640K, reserved 1048576K
GC Heap History (10 events):
Event: 26,747 GC heap after
Heap after GC invocations=25 (full 3):
 PSYoungGen      total 227328K, used 110576K [0x00000000eab00000, 0x0000000100000000, 0x0000000100000000)
  eden space 116736K, 0% used [0x00000000eab00000,0x00000000eab00000,0x00000000f1d00000)
  from space 110592K, 99% used [0x00000000f9400000,0x00000000ffffc028,0x0000000100000000)
  to   space 116224K, 0% used [0x00000000f1d00000,0x00000000f1d00000,0x00000000f8e80000)
 ParOldGen       total 413184K, used 266710K [0x00000000c0000000, 0x00000000d9380000, 0x00000000eab00000)
  object space 413184K, 64% used [0x00000000c0000000,0x00000000d0475950,0x00000000d9380000)
 Metaspace       used 6094K, capacity 7216K, committed 7296K, reserved 1056768K
  class space    used 574K, capacity 616K, committed 640K, reserved 1048576K
}
Event: 27,190 GC heap before
{Heap before GC invocations=26 (full 3):
 PSYoungGen      total 227328K, used 227312K [0x00000000eab00000, 0x0000000100000000, 0x0000000100000000)
  eden space 116736K, 100% used [0x00000000eab00000,0x00000000f1d00000,0x00000000f1d00000)
  from space 110592K, 99% used [0x00000000f9400000,0x00000000ffffc028,0x0000000100000000)
  to   space 116224K, 0% used [0x00000000f1d00000,0x00000000f1d00000,0x00000000f8e80000)
 ParOldGen       total 413184K, used 266710K [0x00000000c0000000, 0x00000000d9380000, 0x00000000eab00000)
  object space 413184K, 64% used [0x00000000c0000000,0x00000000d0475950,0x00000000d9380000)
 Metaspace       used 6107K, capacity 7216K, committed 7296K, reserved 1056768K
  class space    used 574K, capacity 616K, committed 640K, reserved 1048576K
Event: 27,362 GC heap after
Heap after GC invocations=26 (full 3):
 PSYoungGen      total 232960K, used 102535K [0x00000000eab00000, 0x0000000100000000, 0x0000000100000000)
  eden space 116736K, 0% used [0x00000000eab00000,0x00000000eab00000,0x00000000f1d00000)
  from space 116224K, 88% used [0x00000000f1d00000,0x00000000f8121c50,0x00000000f8e80000)
  to   space 116224K, 0% used [0x00000000f8e80000,0x00000000f8e80000,0x0000000100000000)
 ParOldGen       total 413184K, used 293469K [0x00000000c0000000, 0x00000000d9380000, 0x00000000eab00000)
  object space 413184K, 71% used [0x00000000c0000000,0x00000000d1e97428,0x00000000d9380000)
 Metaspace       used 6107K, capacity 7216K, committed 7296K, reserved 1056768K
  class space    used 574K, capacity 616K, committed 640K, reserved 1048576K
}
Event: 27,881 GC heap before
{Heap before GC invocations=27 (full 3):
 PSYoungGen      total 232960K, used 219271K [0x00000000eab00000, 0x0000000100000000, 0x0000000100000000)
  eden space 116736K, 100% used [0x00000000eab00000,0x00000000f1d00000,0x00000000f1d00000)
  from space 116224K, 88% used [0x00000000f1d00000,0x00000000f8121c50,0x00000000f8e80000)
  to   space 116224K, 0% used [0x00000000f8e80000,0x00000000f8e80000,0x0000000100000000)
 ParOldGen       total 413184K, used 293469K [0x00000000c0000000, 0x00000000d9380000, 0x00000000eab00000)
  object space 413184K, 71% used [0x00000000c0000000,0x00000000d1e97428,0x00000000d9380000)
 Metaspace       used 6108K, capacity 7216K, committed 7296K, reserved 1056768K
  class space    used 574K, capacity 616K, committed 640K, reserved 1048576K
Event: 28,060 GC heap after
Heap after GC invocations=27 (full 3):
 PSYoungGen      total 232960K, used 101733K [0x00000000eab00000, 0x0000000100000000, 0x0000000100000000)
  eden space 116736K, 0% used [0x00000000eab00000,0x00000000eab00000,0x00000000f1d00000)
  from space 116224K, 87% used [0x00000000f8e80000,0x00000000ff1d9490,0x0000000100000000)
  to   space 116224K, 0% used [0x00000000f1d00000,0x00000000f1d00000,0x00000000f8e80000)
 ParOldGen       total 413184K, used 313340K [0x00000000c0000000, 0x00000000d9380000, 0x00000000eab00000)
  object space 413184K, 75% used [0x00000000c0000000,0x00000000d31ff210,0x00000000d9380000)
 Metaspace       used 6108K, capacity 7216K, committed 7296K, reserved 1056768K
  class space    used 574K, capacity 616K, committed 640K, reserved 1048576K
}
Event: 28,520 GC heap before
{Heap before GC invocations=28 (full 3):
 PSYoungGen      total 232960K, used 218469K [0x00000000eab00000, 0x0000000100000000, 0x0000000100000000)
  eden space 116736K, 100% used [0x00000000eab00000,0x00000000f1d00000,0x00000000f1d00000)
  from space 116224K, 87% used [0x00000000f8e80000,0x00000000ff1d9490,0x0000000100000000)
  to   space 116224K, 0% used [0x00000000f1d00000,0x00000000f1d00000,0x00000000f8e80000)
 ParOldGen       total 413184K, used 313340K [0x00000000c0000000, 0x00000000d9380000, 0x00000000eab00000)
  object space 413184K, 75% used [0x00000000c0000000,0x00000000d31ff210,0x00000000d9380000)
 Metaspace       used 6109K, capacity 7216K, committed 7296K, reserved 1056768K
  class space    used 574K, capacity 616K, committed 640K, reserved 1048576K
Event: 28,691 GC heap after
Heap after GC invocations=28 (full 3):
 PSYoungGen      total 232960K, used 76885K [0x00000000eab00000, 0x0000000100000000, 0x0000000100000000)
  eden space 116736K, 0% used [0x00000000eab00000,0x00000000eab00000,0x00000000f1d00000)
  from space 116224K, 66% used [0x00000000f1d00000,0x00000000f68156a8,0x00000000f8e80000)
  to   space 116224K, 0% used [0x00000000f8e80000,0x00000000f8e80000,0x0000000100000000)
 ParOldGen       total 413184K, used 354604K [0x00000000c0000000, 0x00000000d9380000, 0x00000000eab00000)
  object space 413184K, 85% used [0x00000000c0000000,0x00000000d5a4b170,0x00000000d9380000)
 Metaspace       used 6109K, capacity 7216K, committed 7296K, reserved 1056768K
  class space    used 574K, capacity 616K, committed 640K, reserved 1048576K
}
Event: 29,223 GC heap before
{Heap before GC invocations=29 (full 3):
 PSYoungGen      total 232960K, used 193621K [0x00000000eab00000, 0x0000000100000000, 0x0000000100000000)
  eden space 116736K, 100% used [0x00000000eab00000,0x00000000f1d00000,0x00000000f1d00000)
  from space 116224K, 66% used [0x00000000f1d00000,0x00000000f68156a8,0x00000000f8e80000)
  to   space 116224K, 0% used [0x00000000f8e80000,0x00000000f8e80000,0x0000000100000000)
 ParOldGen       total 413184K, used 354604K [0x00000000c0000000, 0x00000000d9380000, 0x00000000eab00000)
  object space 413184K, 85% used [0x00000000c0000000,0x00000000d5a4b170,0x00000000d9380000)
 Metaspace       used 6110K, capacity 7216K, committed 7296K, reserved 1056768K
  class space    used 574K, capacity 616K, committed 640K, reserved 1048576K
Event: 29,409 GC heap after
Heap after GC invocations=29 (full 3):
 PSYoungGen      total 232960K, used 56526K [0x00000000eab00000, 0x0000000100000000, 0x0000000100000000)
  eden space 116736K, 0% used [0x00000000eab00000,0x00000000eab00000,0x00000000f1d00000)
  from space 116224K, 48% used [0x00000000f8e80000,0x00000000fc5b3840,0x0000000100000000)
  to   space 116224K, 0% used [0x00000000f1d00000,0x00000000f1d00000,0x00000000f8e80000)
 ParOldGen       total 413184K, used 395700K [0x00000000c0000000, 0x00000000d9380000, 0x00000000eab00000)
  object space 413184K, 95% used [0x00000000c0000000,0x00000000d826d1b0,0x00000000d9380000)
 Metaspace       used 6110K, capacity 7216K, committed 7296K, reserved 1056768K
  class space    used 574K, capacity 616K, committed 640K, reserved 1048576K
}
Event: 29,409 GC heap before
{Heap before GC invocations=30 (full 4):
 PSYoungGen      total 232960K, used 56526K [0x00000000eab00000, 0x0000000100000000, 0x0000000100000000)
  eden space 116736K, 0% used [0x00000000eab00000,0x00000000eab00000,0x00000000f1d00000)
  from space 116224K, 48% used [0x00000000f8e80000,0x00000000fc5b3840,0x0000000100000000)
  to   space 116224K, 0% used [0x00000000f1d00000,0x00000000f1d00000,0x00000000f8e80000)
 ParOldGen       total 413184K, used 395700K [0x00000000c0000000, 0x00000000d9380000, 0x00000000eab00000)
  object space 413184K, 95% used [0x00000000c0000000,0x00000000d826d1b0,0x00000000d9380000)
 Metaspace       used 6110K, capacity 7216K, committed 7296K, reserved 1056768K
  class space    used 574K, capacity 616K, committed 640K, reserved 1048576K

