# JRE version: Java(TM) SE Runtime Environment (8.0_40-b26) (build 1.8.0_40-b26)
# Java VM: Java HotSpot(TM) 64-Bit Server VM (25.40-b25 mixed mode linux-amd64 compressed oops)
Heap:
 PSYoungGen      total 232960K, used 0K [0x00000000eab00000, 0x0000000100000000, 0x0000000100000000)
  eden space 116736K, 0% used [0x00000000eab00000,0x00000000eab00000,0x00000000f1d00000)
  from space 116224K, 0% used [0x00000000f8e80000,0x00000000f8e80000,0x0000000100000000)
  to   space 116224K, 0% used [0x00000000f1d00000,0x00000000f1d00000,0x00000000f8e80000)
 ParOldGen       total 465408K, used 439143K [0x00000000c0000000, 0x00000000dc680000, 0x00000000eab00000)
  object space 465408K, 94% used [0x00000000c0000000,0x00000000dacd9cc8,0x00000000dc680000)
 Metaspace       used 6130K, capacity 7216K, committed 7296K, reserved 1056768K
  class space    used 574K, capacity 616K, committed 640K, reserved 1048576K
GC Heap History (10 events):
Event: 48,848 GC heap after
Heap after GC invocations=26 (full 3):
 PSYoungGen      total 232960K, used 61326K [0x00000000eab00000, 0x0000000100000000, 0x0000000100000000)
  eden space 116736K, 0% used [0x00000000eab00000,0x00000000eab00000,0x00000000f1d00000)
  from space 116224K, 52% used [0x00000000f1d00000,0x00000000f58e38f8,0x00000000f8e80000)
  to   space 116224K, 0% used [0x00000000f8e80000,0x00000000f8e80000,0x0000000100000000)
 ParOldGen       total 332288K, used 329099K [0x00000000c0000000, 0x00000000d4480000, 0x00000000eab00000)
  object space 332288K, 99% used [0x00000000c0000000,0x00000000d4162f50,0x00000000d4480000)
 Metaspace       used 6128K, capacity 7216K, committed 7296K, reserved 1056768K
  class space    used 574K, capacity 616K, committed 640K, reserved 1048576K
}
Event: 48,848 GC heap before
{Heap before GC invocations=27 (full 4):
 PSYoungGen      total 232960K, used 61326K [0x00000000eab00000, 0x0000000100000000, 0x0000000100000000)
  eden space 116736K, 0% used [0x00000000eab00000,0x00000000eab00000,0x00000000f1d00000)
  from space 116224K, 52% used [0x00000000f1d00000,0x00000000f58e38f8,0x00000000f8e80000)
  to   space 116224K, 0% used [0x00000000f8e80000,0x00000000f8e80000,0x0000000100000000)
 ParOldGen       total 332288K, used 329099K [0x00000000c0000000, 0x00000000d4480000, 0x00000000eab00000)
  object space 332288K, 99% used [0x00000000c0000000,0x00000000d4162f50,0x00000000d4480000)
 Metaspace       used 6128K, capacity 7216K, committed 7296K, reserved 1056768K
  class space    used 574K, capacity 616K, committed 640K, reserved 1048576K
Event: 51,889 GC heap after
Heap after GC invocations=27 (full 4):
 PSYoungGen      total 232960K, used 55902K [0x00000000eab00000, 0x0000000100000000, 0x0000000100000000)
  eden space 116736K, 0% used [0x00000000eab00000,0x00000000eab00000,0x00000000f1d00000)
  from space 116224K, 48% used [0x00000000f1d00000,0x00000000f5397988,0x00000000f8e80000)
  to   space 116224K, 0% used [0x00000000f8e80000,0x00000000f8e80000,0x0000000100000000)
 ParOldGen       total 465408K, used 331793K [0x00000000c0000000, 0x00000000dc680000, 0x00000000eab00000)
  object space 465408K, 71% used [0x00000000c0000000,0x00000000d44045f0,0x00000000dc680000)
 Metaspace       used 6128K, capacity 7216K, committed 7296K, reserved 1056768K
  class space    used 574K, capacity 616K, committed 640K, reserved 1048576K
}
Event: 52,502 GC heap before
{Heap before GC invocations=28 (full 4):
 PSYoungGen      total 232960K, used 172638K [0x00000000eab00000, 0x0000000100000000, 0x0000000100000000)
  eden space 116736K, 100% used [0x00000000eab00000,0x00000000f1d00000,0x00000000f1d00000)
  from space 116224K, 48% used [0x00000000f1d00000,0x00000000f5397988,0x00000000f8e80000)
  to   space 116224K, 0% used [0x00000000f8e80000,0x00000000f8e80000,0x0000000100000000)
 ParOldGen       total 465408K, used 331793K [0x00000000c0000000, 0x00000000dc680000, 0x00000000eab00000)
  object space 465408K, 71% used [0x00000000c0000000,0x00000000d44045f0,0x00000000dc680000)
 Metaspace       used 6129K, capacity 7216K, committed 7296K, reserved 1056768K
  class space    used 574K, capacity 616K, committed 640K, reserved 1048576K
Event: 52,763 GC heap after
Heap after GC invocations=28 (full 4):
 PSYoungGen      total 232960K, used 36063K [0x00000000eab00000, 0x0000000100000000, 0x0000000100000000)
  eden space 116736K, 0% used [0x00000000eab00000,0x00000000eab00000,0x00000000f1d00000)
  from space 116224K, 31% used [0x00000000f8e80000,0x00000000fb1b7c70,0x0000000100000000)
  to   space 116224K, 0% used [0x00000000f1d00000,0x00000000f1d00000,0x00000000f8e80000)
 ParOldGen       total 465408K, used 370849K [0x00000000c0000000, 0x00000000dc680000, 0x00000000eab00000)
  object space 465408K, 79% used [0x00000000c0000000,0x00000000d6a286e0,0x00000000dc680000)
 Metaspace       used 6129K, capacity 7216K, committed 7296K, reserved 1056768K
  class space    used 574K, capacity 616K, committed 640K, reserved 1048576K
}
Event: 53,934 GC heap before
{Heap before GC invocations=29 (full 4):
 PSYoungGen      total 232960K, used 152799K [0x00000000eab00000, 0x0000000100000000, 0x0000000100000000)
  eden space 116736K, 100% used [0x00000000eab00000,0x00000000f1d00000,0x00000000f1d00000)
  from space 116224K, 31% used [0x00000000f8e80000,0x00000000fb1b7c70,0x0000000100000000)
  to   space 116224K, 0% used [0x00000000f1d00000,0x00000000f1d00000,0x00000000f8e80000)
 ParOldGen       total 465408K, used 370849K [0x00000000c0000000, 0x00000000dc680000, 0x00000000eab00000)
  object space 465408K, 79% used [0x00000000c0000000,0x00000000d6a286e0,0x00000000dc680000)
 Metaspace       used 6129K, capacity 7216K, committed 7296K, reserved 1056768K
  class space    used 574K, capacity 616K, committed 640K, reserved 1048576K
Event: 55,082 GC heap after
Heap after GC invocations=29 (full 4):
 PSYoungGen      total 232960K, used 18005K [0x00000000eab00000, 0x0000000100000000, 0x0000000100000000)
  eden space 116736K, 0% used [0x00000000eab00000,0x00000000eab00000,0x00000000f1d00000)
  from space 116224K, 15% used [0x00000000f1d00000,0x00000000f2e955b0,0x00000000f8e80000)
  to   space 116224K, 0% used [0x00000000f8e80000,0x00000000f8e80000,0x0000000100000000)
 ParOldGen       total 465408K, used 405985K [0x00000000c0000000, 0x00000000dc680000, 0x00000000eab00000)
  object space 465408K, 87% used [0x00000000c0000000,0x00000000d8c78730,0x00000000dc680000)
 Metaspace       used 6129K, capacity 7216K, committed 7296K, reserved 1056768K
  class space    used 574K, capacity 616K, committed 640K, reserved 1048576K
}
Event: 57,332 GC heap before
{Heap before GC invocations=30 (full 4):
 PSYoungGen      total 232960K, used 134741K [0x00000000eab00000, 0x0000000100000000, 0x0000000100000000)
  eden space 116736K, 100% used [0x00000000eab00000,0x00000000f1d00000,0x00000000f1d00000)
  from space 116224K, 15% used [0x00000000f1d00000,0x00000000f2e955b0,0x00000000f8e80000)
  to   space 116224K, 0% used [0x00000000f8e80000,0x00000000f8e80000,0x0000000100000000)
 ParOldGen       total 465408K, used 405985K [0x00000000c0000000, 0x00000000dc680000, 0x00000000eab00000)
  object space 465408K, 87% used [0x00000000c0000000,0x00000000d8c78730,0x00000000dc680000)
 Metaspace       used 6130K, capacity 7216K, committed 7296K, reserved 1056768K
  class space    used 574K, capacity 616K, committed 640K, reserved 1048576K
Event: 57,856 GC heap after
Heap after GC invocations=30 (full 4):
 PSYoungGen      total 232960K, used 18407K [0x00000000eab00000, 0x0000000100000000, 0x0000000100000000)
  eden space 116736K, 0% used [0x00000000eab00000,0x00000000eab00000,0x00000000f1d00000)
  from space 116224K, 15% used [0x00000000f8e80000,0x00000000fa079f48,0x0000000100000000)
  to   space 116224K, 0% used [0x00000000f1d00000,0x00000000f1d00000,0x00000000f8e80000)
 ParOldGen       total 465408K, used 423284K [0x00000000c0000000, 0x00000000dc680000, 0x00000000eab00000)
  object space 465408K, 90% used [0x00000000c0000000,0x00000000d9d5d0c8,0x00000000dc680000)
 Metaspace       used 6130K, capacity 7216K, committed 7296K, reserved 1056768K
  class space    used 574K, capacity 616K, committed 640K, reserved 1048576K
}
Event: 57,856 GC heap before
{Heap before GC invocations=31 (full 5):
 PSYoungGen      total 232960K, used 18407K [0x00000000eab00000, 0x0000000100000000, 0x0000000100000000)
  eden space 116736K, 0% used [0x00000000eab00000,0x00000000eab00000,0x00000000f1d00000)
  from space 116224K, 15% used [0x00000000f8e80000,0x00000000fa079f48,0x0000000100000000)
  to   space 116224K, 0% used [0x00000000f1d00000,0x00000000f1d00000,0x00000000f8e80000)
 ParOldGen       total 465408K, used 423284K [0x00000000c0000000, 0x00000000dc680000, 0x00000000eab00000)
  object space 465408K, 90% used [0x00000000c0000000,0x00000000d9d5d0c8,0x00000000dc680000)
 Metaspace       used 6130K, capacity 7216K, committed 7296K, reserved 1056768K
  class space    used 574K, capacity 616K, committed 640K, reserved 1048576K

