# JRE version: Java(TM) SE Runtime Environment (8.0_40-b26) (build 1.8.0_40-b26)
# Java VM: Java HotSpot(TM) 64-Bit Server VM (25.40-b25 mixed mode linux-amd64 compressed oops)
Heap:
 PSYoungGen      total 232960K, used 0K [0x00000000eab00000, 0x0000000100000000, 0x0000000100000000)
  eden space 116736K, 0% used [0x00000000eab00000,0x00000000eab00000,0x00000000f1d00000)
  from space 116224K, 0% used [0x00000000f1d00000,0x00000000f1d00000,0x00000000f8e80000)
  to   space 116224K, 0% used [0x00000000f8e80000,0x00000000f8e80000,0x0000000100000000)
 ParOldGen       total 430592K, used 425462K [0x00000000c0000000, 0x00000000da480000, 0x00000000eab00000)
  object space 430592K, 98% used [0x00000000c0000000,0x00000000d9f7dbf8,0x00000000da480000)
 Metaspace       used 6112K, capacity 7216K, committed 7296K, reserved 1056768K
  class space    used 574K, capacity 616K, committed 640K, reserved 1048576K
GC Heap History (10 events):
Event: 35,934 GC heap after
Heap after GC invocations=26 (full 3):
 PSYoungGen      total 232960K, used 110286K [0x00000000eab00000, 0x0000000100000000, 0x0000000100000000)
  eden space 116736K, 0% used [0x00000000eab00000,0x00000000eab00000,0x00000000f1d00000)
  from space 116224K, 94% used [0x00000000f1d00000,0x00000000f88b39d8,0x00000000f8e80000)
  to   space 116224K, 0% used [0x00000000f8e80000,0x00000000f8e80000,0x0000000100000000)
 ParOldGen       total 430592K, used 286034K [0x00000000c0000000, 0x00000000da480000, 0x00000000eab00000)
  object space 430592K, 66% used [0x00000000c0000000,0x00000000d1754aa8,0x00000000da480000)
 Metaspace       used 6108K, capacity 7216K, committed 7296K, reserved 1056768K
  class space    used 574K, capacity 616K, committed 640K, reserved 1048576K
}
Event: 36,655 GC heap before
{Heap before GC invocations=27 (full 3):
 PSYoungGen      total 232960K, used 227022K [0x00000000eab00000, 0x0000000100000000, 0x0000000100000000)
  eden space 116736K, 100% used [0x00000000eab00000,0x00000000f1d00000,0x00000000f1d00000)
  from space 116224K, 94% used [0x00000000f1d00000,0x00000000f88b39d8,0x00000000f8e80000)
  to   space 116224K, 0% used [0x00000000f8e80000,0x00000000f8e80000,0x0000000100000000)
 ParOldGen       total 430592K, used 286034K [0x00000000c0000000, 0x00000000da480000, 0x00000000eab00000)
  object space 430592K, 66% used [0x00000000c0000000,0x00000000d1754aa8,0x00000000da480000)
 Metaspace       used 6110K, capacity 7216K, committed 7296K, reserved 1056768K
  class space    used 574K, capacity 616K, committed 640K, reserved 1048576K
Event: 36,843 GC heap after
Heap after GC invocations=27 (full 3):
 PSYoungGen      total 232960K, used 114346K [0x00000000eab00000, 0x0000000100000000, 0x0000000100000000)
  eden space 116736K, 0% used [0x00000000eab00000,0x00000000eab00000,0x00000000f1d00000)
  from space 116224K, 98% used [0x00000000f8e80000,0x00000000ffe2a9a0,0x0000000100000000)
  to   space 116224K, 0% used [0x00000000f1d00000,0x00000000f1d00000,0x00000000f8e80000)
 ParOldGen       total 430592K, used 300901K [0x00000000c0000000, 0x00000000da480000, 0x00000000eab00000)
  object space 430592K, 69% used [0x00000000c0000000,0x00000000d25d9690,0x00000000da480000)
 Metaspace       used 6110K, capacity 7216K, committed 7296K, reserved 1056768K
  class space    used 574K, capacity 616K, committed 640K, reserved 1048576K
}
Event: 37,488 GC heap before
{Heap before GC invocations=28 (full 3):
 PSYoungGen      total 232960K, used 231082K [0x00000000eab00000, 0x0000000100000000, 0x0000000100000000)
  eden space 116736K, 100% used [0x00000000eab00000,0x00000000f1d00000,0x00000000f1d00000)
  from space 116224K, 98% used [0x00000000f8e80000,0x00000000ffe2a9a0,0x0000000100000000)
  to   space 116224K, 0% used [0x00000000f1d00000,0x00000000f1d00000,0x00000000f8e80000)
 ParOldGen       total 430592K, used 300901K [0x00000000c0000000, 0x00000000da480000, 0x00000000eab00000)
  object space 430592K, 69% used [0x00000000c0000000,0x00000000d25d9690,0x00000000da480000)
 Metaspace       used 6111K, capacity 7216K, committed 7296K, reserved 1056768K
  class space    used 574K, capacity 616K, committed 640K, reserved 1048576K
Event: 40,911 GC heap after
Heap after GC invocations=28 (full 3):
 PSYoungGen      total 232960K, used 97116K [0x00000000eab00000, 0x0000000100000000, 0x0000000100000000)
  eden space 116736K, 0% used [0x00000000eab00000,0x00000000eab00000,0x00000000f1d00000)
  from space 116224K, 83% used [0x00000000f1d00000,0x00000000f7bd7260,0x00000000f8e80000)
  to   space 116224K, 0% used [0x00000000f8e80000,0x00000000f8e80000,0x0000000100000000)
 ParOldGen       total 430592K, used 334002K [0x00000000c0000000, 0x00000000da480000, 0x00000000eab00000)
  object space 430592K, 77% used [0x00000000c0000000,0x00000000d462cb00,0x00000000da480000)
 Metaspace       used 6111K, capacity 7216K, committed 7296K, reserved 1056768K
  class space    used 574K, capacity 616K, committed 640K, reserved 1048576K
}
Event: 41,484 GC heap before
{Heap before GC invocations=29 (full 3):
 PSYoungGen      total 232960K, used 213852K [0x00000000eab00000, 0x0000000100000000, 0x0000000100000000)
  eden space 116736K, 100% used [0x00000000eab00000,0x00000000f1d00000,0x00000000f1d00000)
  from space 116224K, 83% used [0x00000000f1d00000,0x00000000f7bd7260,0x00000000f8e80000)
  to   space 116224K, 0% used [0x00000000f8e80000,0x00000000f8e80000,0x0000000100000000)
 ParOldGen       total 430592K, used 334002K [0x00000000c0000000, 0x00000000da480000, 0x00000000eab00000)
  object space 430592K, 77% used [0x00000000c0000000,0x00000000d462cb00,0x00000000da480000)
 Metaspace       used 6112K, capacity 7216K, committed 7296K, reserved 1056768K
  class space    used 574K, capacity 616K, committed 640K, reserved 1048576K
Event: 41,649 GC heap after
Heap after GC invocations=29 (full 3):
 PSYoungGen      total 232960K, used 74376K [0x00000000eab00000, 0x0000000100000000, 0x0000000100000000)
  eden space 116736K, 0% used [0x00000000eab00000,0x00000000eab00000,0x00000000f1d00000)
  from space 116224K, 63% used [0x00000000f8e80000,0x00000000fd722350,0x0000000100000000)
  to   space 116224K, 0% used [0x00000000f1d00000,0x00000000f1d00000,0x00000000f8e80000)
 ParOldGen       total 430592K, used 378050K [0x00000000c0000000, 0x00000000da480000, 0x00000000eab00000)
  object space 430592K, 87% used [0x00000000c0000000,0x00000000d71308e0,0x00000000da480000)
 Metaspace       used 6112K, capacity 7216K, committed 7296K, reserved 1056768K
  class space    used 574K, capacity 616K, committed 640K, reserved 1048576K
}
Event: 42,278 GC heap before
{Heap before GC invocations=30 (full 3):
 PSYoungGen      total 232960K, used 191112K [0x00000000eab00000, 0x0000000100000000, 0x0000000100000000)
  eden space 116736K, 100% used [0x00000000eab00000,0x00000000f1d00000,0x00000000f1d00000)
  from space 116224K, 63% used [0x00000000f8e80000,0x00000000fd722350,0x0000000100000000)
  to   space 116224K, 0% used [0x00000000f1d00000,0x00000000f1d00000,0x00000000f8e80000)
 ParOldGen       total 430592K, used 378050K [0x00000000c0000000, 0x00000000da480000, 0x00000000eab00000)
  object space 430592K, 87% used [0x00000000c0000000,0x00000000d71308e0,0x00000000da480000)
 Metaspace       used 6112K, capacity 7216K, committed 7296K, reserved 1056768K
  class space    used 574K, capacity 616K, committed 640K, reserved 1048576K
Event: 42,441 GC heap after
Heap after GC invocations=30 (full 3):
 PSYoungGen      total 232960K, used 54536K [0x00000000eab00000, 0x0000000100000000, 0x0000000100000000)
  eden space 116736K, 0% used [0x00000000eab00000,0x00000000eab00000,0x00000000f1d00000)
  from space 116224K, 46% used [0x00000000f1d00000,0x00000000f5242218,0x00000000f8e80000)
  to   space 116224K, 0% used [0x00000000f8e80000,0x00000000f8e80000,0x0000000100000000)
 ParOldGen       total 430592K, used 414975K [0x00000000c0000000, 0x00000000da480000, 0x00000000eab00000)
  object space 430592K, 96% used [0x00000000c0000000,0x00000000d953fc30,0x00000000da480000)
 Metaspace       used 6112K, capacity 7216K, committed 7296K, reserved 1056768K
  class space    used 574K, capacity 616K, committed 640K, reserved 1048576K
}
Event: 42,441 GC heap before
{Heap before GC invocations=31 (full 4):
 PSYoungGen      total 232960K, used 54536K [0x00000000eab00000, 0x0000000100000000, 0x0000000100000000)
  eden space 116736K, 0% used [0x00000000eab00000,0x00000000eab00000,0x00000000f1d00000)
  from space 116224K, 46% used [0x00000000f1d00000,0x00000000f5242218,0x00000000f8e80000)
  to   space 116224K, 0% used [0x00000000f8e80000,0x00000000f8e80000,0x0000000100000000)
 ParOldGen       total 430592K, used 414975K [0x00000000c0000000, 0x00000000da480000, 0x00000000eab00000)
  object space 430592K, 96% used [0x00000000c0000000,0x00000000d953fc30,0x00000000da480000)
 Metaspace       used 6112K, capacity 7216K, committed 7296K, reserved 1056768K
  class space    used 574K, capacity 616K, committed 640K, reserved 1048576K

